Using pre-set license
Built from '2022.3/staging' branch; Version is '2022.3.13f1 (5f90a5ebde0f) revision 6262949'; Using compiler version '192829333'; Build Type 'Release'
OS: 'Windows 10  (10.0.19045) 64bit Enterprise' Language: 'en' Physical Memory: 12161 MB
BatchMode: 1, IsHumanControllingUs: 0, StartBugReporterOnCrash: 0, Is64bit: 1, IsPro: 1

COMMAND LINE ARGUMENTS:
C:\Program Files\Unity\Hub\Editor\2022.3.13f1\Editor\Unity.exe
-adb2
-batchMode
-noUpm
-name
AssetImportWorker0
-projectPath
D:/On
-logFile
Logs/AssetImportWorker0.log
-srvPort
51950
Successfully changed project path to: D:/On
D:/On
[UnityMemory] Configuration Parameters - Can be set up in boot.config
    "memorysetup-bucket-allocator-granularity=16"
    "memorysetup-bucket-allocator-bucket-count=8"
    "memorysetup-bucket-allocator-block-size=33554432"
    "memorysetup-bucket-allocator-block-count=8"
    "memorysetup-main-allocator-block-size=16777216"
    "memorysetup-thread-allocator-block-size=16777216"
    "memorysetup-gfx-main-allocator-block-size=16777216"
    "memorysetup-gfx-thread-allocator-block-size=16777216"
    "memorysetup-cache-allocator-block-size=4194304"
    "memorysetup-typetree-allocator-block-size=2097152"
    "memorysetup-profiler-bucket-allocator-granularity=16"
    "memorysetup-profiler-bucket-allocator-bucket-count=8"
    "memorysetup-profiler-bucket-allocator-block-size=33554432"
    "memorysetup-profiler-bucket-allocator-block-count=8"
    "memorysetup-profiler-allocator-block-size=16777216"
    "memorysetup-profiler-editor-allocator-block-size=1048576"
    "memorysetup-temp-allocator-size-main=16777216"
    "memorysetup-job-temp-allocator-block-size=2097152"
    "memorysetup-job-temp-allocator-block-size-background=1048576"
    "memorysetup-job-temp-allocator-reduction-small-platforms=262144"
    "memorysetup-allocator-temp-initial-block-size-main=262144"
    "memorysetup-allocator-temp-initial-block-size-worker=262144"
    "memorysetup-temp-allocator-size-background-worker=32768"
    "memorysetup-temp-allocator-size-job-worker=262144"
    "memorysetup-temp-allocator-size-preload-manager=33554432"
    "memorysetup-temp-allocator-size-nav-mesh-worker=65536"
    "memorysetup-temp-allocator-size-audio-worker=65536"
    "memorysetup-temp-allocator-size-cloud-worker=32768"
    "memorysetup-temp-allocator-size-gi-baking-worker=262144"
    "memorysetup-temp-allocator-size-gfx=262144"
Player connection [14304] Host "[IP] 192.168.5.68 [Port] 0 [Flags] 2 [Guid] 4161143617 [EditorId] 4161143617 [Version] 1048832 [Id] WindowsEditor(7,DESKTOP-1E1EJ26) [Debug] 1 [PackageName] WindowsEditor [ProjectName] Editor" joined multi-casting on [225.0.0.222:54997]...

Player connection [14304] Host "[IP] 192.168.5.68 [Port] 0 [Flags] 2 [Guid] 4161143617 [EditorId] 4161143617 [Version] 1048832 [Id] WindowsEditor(7,DESKTOP-1E1EJ26) [Debug] 1 [PackageName] WindowsEditor [ProjectName] Editor" joined alternative multi-casting on [225.0.0.222:34997]...

[Physics::Module] Initialized MultithreadedJobDispatcher with 3 workers.
Refreshing native plugins compatible for Editor in 14.35 ms, found 3 plugins.
Preloading 0 native plugins for Editor in 0.00 ms.
Initialize engine version: 2022.3.13f1 (5f90a5ebde0f)
[Subsystems] Discovering subsystems at path C:/Program Files/Unity/Hub/Editor/2022.3.13f1/Editor/Data/Resources/UnitySubsystems
[Subsystems] Discovering subsystems at path D:/On/Assets
GfxDevice: creating device client; threaded=0; jobified=0
Direct3D:
    Version:  Direct3D 11.0 [level 11.1]
    Renderer: Intel(R) HD Graphics 630 (ID=0x5912)
    Vendor:   Intel
    VRAM:     6080 MB
    Driver:   31.0.101.2111
Initialize mono
Mono path[0] = 'C:/Program Files/Unity/Hub/Editor/2022.3.13f1/Editor/Data/Managed'
Mono path[1] = 'C:/Program Files/Unity/Hub/Editor/2022.3.13f1/Editor/Data/MonoBleedingEdge/lib/mono/unityjit-win32'
Mono config path = 'C:/Program Files/Unity/Hub/Editor/2022.3.13f1/Editor/Data/MonoBleedingEdge/etc'
Using monoOptions --debugger-agent=transport=dt_socket,embedding=1,server=y,suspend=n,address=127.0.0.1:56816
Begin MonoManager ReloadAssembly
Registering precompiled unity dll's ...
Register platform support module: C:/Program Files/Unity/Hub/Editor/2022.3.13f1/Editor/Data/PlaybackEngines/WebGLSupport/UnityEditor.WebGL.Extensions.dll
Register platform support module: C:/Program Files/Unity/Hub/Editor/2022.3.13f1/Editor/Data/PlaybackEngines/AndroidPlayer/UnityEditor.Android.Extensions.dll
Register platform support module: C:/Program Files/Unity/Hub/Editor/2022.3.13f1/Editor/Data/PlaybackEngines/WindowsStandaloneSupport/UnityEditor.WindowsStandalone.Extensions.dll
Registered in 0.028512 seconds.
- Loaded All Assemblies, in  0.703 seconds
Native extension for WindowsStandalone target not found
Native extension for Android target not found
Native extension for WebGL target not found
Mono: successfully reloaded assembly
- Finished resetting the current domain, in  0.574 seconds
Domain Reload Profiling: 1273ms
	BeginReloadAssembly (220ms)
		ExecutionOrderSort (0ms)
		DisableScriptedObjects (0ms)
		BackupInstance (0ms)
		ReleaseScriptingObjects (0ms)
		CreateAndSetChildDomain (1ms)
	RebuildCommonClasses (65ms)
	RebuildNativeTypeToScriptingClass (19ms)
	initialDomainReloadingComplete (122ms)
	LoadAllAssembliesAndSetupDomain (272ms)
		LoadAssemblies (218ms)
		RebuildTransferFunctionScriptingTraits (0ms)
		AnalyzeDomain (267ms)
			TypeCache.Refresh (265ms)
				TypeCache.ScanAssembly (241ms)
			ScanForSourceGeneratedMonoScriptInfo (0ms)
			ResolveRequiredComponents (1ms)
	FinalizeReload (574ms)
		ReleaseScriptCaches (0ms)
		RebuildScriptCaches (0ms)
		SetupLoadedEditorAssemblies (467ms)
			LogAssemblyErrors (0ms)
			InitializePlatformSupportModulesInManaged (161ms)
			SetLoadedEditorAssemblies (7ms)
			RefreshPlugins (0ms)
			BeforeProcessingInitializeOnLoad (4ms)
			ProcessInitializeOnLoadAttributes (199ms)
			ProcessInitializeOnLoadMethodAttributes (96ms)
			AfterProcessingInitializeOnLoad (0ms)
			EditorAssembliesLoaded (0ms)
		ExecutionOrderSort2 (0ms)
		AwakeInstancesAfterBackupRestoration (0ms)
========================================================================
Worker process is ready to serve import requests
Begin MonoManager ReloadAssembly
- Loaded All Assemblies, in  1.262 seconds
Refreshing native plugins compatible for Editor in 4.42 ms, found 3 plugins.
Native extension for WindowsStandalone target not found
Native extension for Android target not found
Native extension for WebGL target not found
Package Manager log level set to [2]
[Package Manager] Server::EnsureServerProcessIsRunning -- launch failed, reason: Unity was launched with the -noUpm command-line argument
[Package Manager] UpmClient::Send -- Unable to send message (not connected to UPM process).
[Package Manager] Cannot connect to Unity Package Manager local server
Mono: successfully reloaded assembly
- Finished resetting the current domain, in  1.299 seconds
Domain Reload Profiling: 2557ms
	BeginReloadAssembly (276ms)
		ExecutionOrderSort (0ms)
		DisableScriptedObjects (9ms)
		BackupInstance (0ms)
		ReleaseScriptingObjects (0ms)
		CreateAndSetChildDomain (36ms)
	RebuildCommonClasses (75ms)
	RebuildNativeTypeToScriptingClass (21ms)
	initialDomainReloadingComplete (103ms)
	LoadAllAssembliesAndSetupDomain (783ms)
		LoadAssemblies (566ms)
		RebuildTransferFunctionScriptingTraits (0ms)
		AnalyzeDomain (385ms)
			TypeCache.Refresh (329ms)
				TypeCache.ScanAssembly (296ms)
			ScanForSourceGeneratedMonoScriptInfo (34ms)
			ResolveRequiredComponents (20ms)
	FinalizeReload (1300ms)
		ReleaseScriptCaches (0ms)
		RebuildScriptCaches (0ms)
		SetupLoadedEditorAssemblies (959ms)
			LogAssemblyErrors (0ms)
			InitializePlatformSupportModulesInManaged (52ms)
			SetLoadedEditorAssemblies (8ms)
			RefreshPlugins (0ms)
			BeforeProcessingInitializeOnLoad (156ms)
			ProcessInitializeOnLoadAttributes (686ms)
			ProcessInitializeOnLoadMethodAttributes (40ms)
			AfterProcessingInitializeOnLoad (18ms)
			EditorAssembliesLoaded (0ms)
		ExecutionOrderSort2 (0ms)
		AwakeInstancesAfterBackupRestoration (16ms)
Launched and connected shader compiler UnityShaderCompiler.exe after 0.12 seconds
Refreshing native plugins compatible for Editor in 3.82 ms, found 3 plugins.
Preloading 0 native plugins for Editor in 0.00 ms.
Unloading 3793 Unused Serialized files (Serialized files now loaded: 0)
Unloading 48 unused Assets / (172.6 KB). Loaded Objects now: 4281.
Memory consumption went from 162.8 MB to 162.6 MB.
Total: 4.930400 ms (FindLiveObjects: 0.679800 ms CreateObjectMapping: 0.434800 ms MarkObjects: 3.617300 ms  DeleteObjects: 0.196500 ms)

AssetImportParameters requested are different than current active one (requested -> active):
  custom:container-demuxer-ogg: 62fdf1f143b41e24485cea50d1cbac27 -> 
  custom:video-decoder-ogg-theora: a1e56fd34408186e4bbccfd4996cb3dc -> 
  custom:framework-win-MediaFoundation: 216162199b28c13a410421893ffa2e32 -> 
  custom:CustomObjectIndexerAttribute: 756ad292c208cfabdd7b50bc23989ffe -> 
  custom:container-demuxer-webm: 4f35f7cbe854078d1ac9338744f61a02 -> 
  custom:container-muxer-webm: aa71ff27fc2769a1b78a27578f13a17b -> 
  custom:video-decoder-webm-vp8: 9c59270c3fd7afecdb556c50c9e8de78 -> 
  custom:SearchIndexIgnoredProperties: e643bd26f0fe6173181afceb89e7c659 -> 
  custom:AudioImporter_EditorPlatform: d09bf68614088b80899f8185d706f6e7 -> 
  custom:video-encoder-webm-vp8: eb34c28f22e8b96e1ab97ce403110664 -> 
  custom:audio-decoder-ogg-vorbis: bf7c407c2cedff20999df2af8eb42d56 -> 
  custom:audio-encoder-webm-vorbis: bf7c407c2cedff20999df2af8eb42d56 -> 
========================================================================
Received Import Request.
  Time since last request: 25802.824835 seconds.
  path: Assets/Easy FPS/PrimoToon-main/PrimoToon-outlines.hlsl
  artifactKey: Guid(93f870ca06c5b3647a5b26afbe9067af) Importer(815301076,1909f56bfc062723c751e8b465ee728b)
Start importing Assets/Easy FPS/PrimoToon-main/PrimoToon-outlines.hlsl using Guid(93f870ca06c5b3647a5b26afbe9067af) Importer(815301076,1909f56bfc062723c751e8b465ee728b)  -> (artifact id: 'f55f6731d3b1a4caa2814e9b832bc046') in 0.019625 seconds
Number of updated asset objects reloaded before import = 0
Number of asset objects unloaded after import = 1
========================================================================
Received Import Request.
  Time since last request: 0.000033 seconds.
  path: Assets/Easy FPS/PrimoToon-main/PrimoToon-main.hlsl
  artifactKey: Guid(c437b03655cccc445a88c8c4f7fd8bc7) Importer(815301076,1909f56bfc062723c751e8b465ee728b)
Start importing Assets/Easy FPS/PrimoToon-main/PrimoToon-main.hlsl using Guid(c437b03655cccc445a88c8c4f7fd8bc7) Importer(815301076,1909f56bfc062723c751e8b465ee728b)  -> (artifact id: 'ddc0de2cf6b5fc02b46c4044b7da731e') in 0.001430 seconds
Number of updated asset objects reloaded before import = 0
Number of asset objects unloaded after import = 1
========================================================================
Received Import Request.
  Time since last request: 0.000022 seconds.
  path: Assets/Easy FPS/PrimoToon-main/PrimoToon-helpers.hlsl
  artifactKey: Guid(a591a10b882849e41b03483b1fa9226c) Importer(815301076,1909f56bfc062723c751e8b465ee728b)
Start importing Assets/Easy FPS/PrimoToon-main/PrimoToon-helpers.hlsl using Guid(a591a10b882849e41b03483b1fa9226c) Importer(815301076,1909f56bfc062723c751e8b465ee728b)  -> (artifact id: '606504ac280fa943e4261d125cf13971') in 0.001226 seconds
Number of updated asset objects reloaded before import = 0
Number of asset objects unloaded after import = 1
========================================================================
Received Import Request.
  Time since last request: 0.000021 seconds.
  path: Assets/Easy FPS/PrimoToon-main/PrimoToon-shadows.hlsl
  artifactKey: Guid(cb4688c60db78724fa8456bf8a451773) Importer(815301076,1909f56bfc062723c751e8b465ee728b)
Start importing Assets/Easy FPS/PrimoToon-main/PrimoToon-shadows.hlsl using Guid(cb4688c60db78724fa8456bf8a451773) Importer(815301076,1909f56bfc062723c751e8b465ee728b)  -> (artifact id: 'ea02ebe0b41797c895d07a05c8e5a6d3') in 0.001301 seconds
Number of updated asset objects reloaded before import = 0
Number of asset objects unloaded after import = 1
========================================================================
Received Import Request.
  Time since last request: 0.000022 seconds.
  path: Assets/Easy FPS/PrimoToon-main
  artifactKey: Guid(753bdda72693cbd4ab52bf801e43baf1) Importer(815301076,1909f56bfc062723c751e8b465ee728b)
Start importing Assets/Easy FPS/PrimoToon-main using Guid(753bdda72693cbd4ab52bf801e43baf1) Importer(815301076,1909f56bfc062723c751e8b465ee728b)  -> (artifact id: '5b432adf58608e3f253561dbd2179e71') in 0.000832 seconds
Number of updated asset objects reloaded before import = 0
Number of asset objects unloaded after import = 0
========================================================================
Received Import Request.
  Time since last request: 46.772757 seconds.
  path: Assets/Easy FPS/PrimoToon-main/PrimoToon.shader
  artifactKey: Guid(bf4a92757d9ea784baf054f6b51ad680) Importer(815301076,1909f56bfc062723c751e8b465ee728b)
Start importing Assets/Easy FPS/PrimoToon-main/PrimoToon.shader using Guid(bf4a92757d9ea784baf054f6b51ad680) Importer(815301076,1909f56bfc062723c751e8b465ee728b)  -> (artifact id: '3053533953c068083395d3a6a7001434') in 0.000865 seconds
Number of updated asset objects reloaded before import = 0
Number of asset objects unloaded after import = 0
========================================================================
Received Import Request.
  Time since last request: 11.724308 seconds.
  path: Assets/Easy FPS/PrimoToon-main/PrimoToon-inputs.hlsli
  artifactKey: Guid(9e75b430fcdae65439a5e828f5556e20) Importer(815301076,1909f56bfc062723c751e8b465ee728b)
Start importing Assets/Easy FPS/PrimoToon-main/PrimoToon-inputs.hlsli using Guid(9e75b430fcdae65439a5e828f5556e20) Importer(815301076,1909f56bfc062723c751e8b465ee728b)  -> (artifact id: 'fc3f595814fccd3990975a815915cc96') in 0.001171 seconds
Number of updated asset objects reloaded before import = 0
Number of asset objects unloaded after import = 1
========================================================================
Received Import Request.
  Time since last request: 3.497270 seconds.
  path: Assets/Easy FPS/PrimoToon-main/README.md
  artifactKey: Guid(b3d4fcd6cdcc34946af6bb7ad8e7fa49) Importer(815301076,1909f56bfc062723c751e8b465ee728b)
Start importing Assets/Easy FPS/PrimoToon-main/README.md using Guid(b3d4fcd6cdcc34946af6bb7ad8e7fa49) Importer(815301076,1909f56bfc062723c751e8b465ee728b)  -> (artifact id: '866221565eb686a24c772762921f622c') in 0.001615 seconds
Number of updated asset objects reloaded before import = 0
Number of asset objects unloaded after import = 1
========================================================================
Received Import Request.
  Time since last request: 1.506411 seconds.
  path: Assets/Easy FPS/PrimoToon-main/LICENSE
  artifactKey: Guid(50e099e26e6f8c5439ea58d54ad8cda6) Importer(815301076,1909f56bfc062723c751e8b465ee728b)
Start importing Assets/Easy FPS/PrimoToon-main/LICENSE using Guid(50e099e26e6f8c5439ea58d54ad8cda6) Importer(815301076,1909f56bfc062723c751e8b465ee728b)  -> (artifact id: '5743ea71bea3ed0d0eed35e56dc9aa45') in 0.001080 seconds
Number of updated asset objects reloaded before import = 0
Number of asset objects unloaded after import = 1
========================================================================
Received Import Request.
  Time since last request: 3.277466 seconds.
  path: Assets/Easy FPS/PrimoToon-main/Scripts
  artifactKey: Guid(a00033c16f753464d9ac6c33471aab53) Importer(815301076,1909f56bfc062723c751e8b465ee728b)
Start importing Assets/Easy FPS/PrimoToon-main/Scripts using Guid(a00033c16f753464d9ac6c33471aab53) Importer(815301076,1909f56bfc062723c751e8b465ee728b)  -> (artifact id: '55c4e101cdbb3d7d5f72b36f2c804dd0') in 0.000678 seconds
Number of updated asset objects reloaded before import = 0
Number of asset objects unloaded after import = 0
========================================================================
Received Import Request.
  Time since last request: 1.275756 seconds.
  path: Assets/Easy FPS/PrimoToon-main/Scripts/Festivity Scripts
  artifactKey: Guid(57e507375920b2f4ca44bd124fa82a8a) Importer(815301076,1909f56bfc062723c751e8b465ee728b)
Start importing Assets/Easy FPS/PrimoToon-main/Scripts/Festivity Scripts using Guid(57e507375920b2f4ca44bd124fa82a8a) Importer(815301076,1909f56bfc062723c751e8b465ee728b)  -> (artifact id: '1ad1f0e8f590189186081b941a33739c') in 0.000716 seconds
Number of updated asset objects reloaded before import = 0
Number of asset objects unloaded after import = 0
========================================================================
Received Import Request.
  Time since last request: 1.677432 seconds.
  path: Assets/Easy FPS/PrimoToon-main/Scripts/ThryEditor
  artifactKey: Guid(c8ef5f42697ef8e4f940ed4b74940963) Importer(815301076,1909f56bfc062723c751e8b465ee728b)
Start importing Assets/Easy FPS/PrimoToon-main/Scripts/ThryEditor using Guid(c8ef5f42697ef8e4f940ed4b74940963) Importer(815301076,1909f56bfc062723c751e8b465ee728b)  -> (artifact id: 'ebf2214673211e13666112ddf6551a67') in 0.000609 seconds
Number of updated asset objects reloaded before import = 0
Number of asset objects unloaded after import = 0
========================================================================
Received Import Request.
  Time since last request: 4.544504 seconds.
  path: Assets/Easy FPS/PrimoToon-main/Dependencies
  artifactKey: Guid(350284d18fd2dfc45a25be0e2191fbd5) Importer(815301076,1909f56bfc062723c751e8b465ee728b)
Start importing Assets/Easy FPS/PrimoToon-main/Dependencies using Guid(350284d18fd2dfc45a25be0e2191fbd5) Importer(815301076,1909f56bfc062723c751e8b465ee728b)  -> (artifact id: '1bdec1e98fd11908ea27e39173f9aaad') in 0.000934 seconds
Number of updated asset objects reloaded before import = 0
Number of asset objects unloaded after import = 0
========================================================================
Received Import Request.
  Time since last request: 0.080968 seconds.
  path: Assets/Easy FPS/PrimoToon-main/Dependencies/GetDepth.prefab
  artifactKey: Guid(e993059e4917a2f4595f8e6cce6a77f6) Importer(815301076,1909f56bfc062723c751e8b465ee728b)
Start importing Assets/Easy FPS/PrimoToon-main/Dependencies/GetDepth.prefab using Guid(e993059e4917a2f4595f8e6cce6a77f6) Importer(815301076,1909f56bfc062723c751e8b465ee728b)  -> (artifact id: '289b1b83d9dace83c500c4d74cff2568') in 0.038630 seconds
Number of updated asset objects reloaded before import = 0
Number of asset objects unloaded after import = 5
